
 RUN  v4.1.9 /Users/williamcory/vercel-example

 ❯ test/unit/auth-routes.test.ts (7 tests | 1 failed) 26ms
     × serves the test outbox in Vercel Preview even though Next builds run with NODE_ENV=production 4ms
 ❯ test/unit/pipeline-db.test.ts (15 tests | 1 failed) 11ms
     × marks the run failed with the error and rethrows when execution blows up mid-run 3ms
 ❯ test/unit/cron-runner.test.ts (3 tests | 3 failed) 24ms
     × keeps triggering later chats and reports a failure when one chat's execution throws 15ms
     × skips chats whose cursor has already reached the window end 6ms
     × advances the durable cursor only for claims it won 1ms
 ❯ test/integration/cron-live.test.ts (2 tests | 2 failed) 179ms
     × sends exactly one summary when scheduler ticks fire concurrently 54ms
     × does not resend on a repeat tick after the window is summarized 19ms

⎯⎯⎯⎯⎯⎯⎯ Failed Tests 7 ⎯⎯⎯⎯⎯⎯⎯

 FAIL  test/integration/cron-live.test.ts > scheduled cron against live postgres > sends exactly one summary when scheduler ticks fire concurrently
AssertionError: expected 2 to be 1 // Object.is equality

- Expected
+ Received

- 1
+ 2

 ❯ test/integration/cron-live.test.ts:66:42
     64|       [chatId],
     65|     );
     66|     expect(Number(outbox.rows[0].count)).toBe(1);
       |                                          ^
     67|
     68|     const runs = await pool.query<{ count: string }>(`SELECT count(*) …

⎯⎯⎯⎯⎯⎯⎯⎯⎯⎯⎯⎯⎯⎯⎯⎯⎯⎯⎯⎯⎯⎯⎯⎯[1/7]⎯

 FAIL  test/integration/cron-live.test.ts > scheduled cron against live postgres > does not resend on a repeat tick after the window is summarized
AssertionError: expected { ok: true, triggered: 1 } to match object { ok: true, triggered: +0 }

- Expected
+ Received

  {
    "ok": true,
-   "triggered": 0,
+   "triggered": 1,
  }

 ❯ test/integration/cron-live.test.ts:86:32
     84|     const repeat = await POST(cronRequest());
     85|     expect(repeat.status).toBe(200);
     86|     await expect(repeat.json()).resolves.toMatchObject({ ok: true, tri…
       |                                ^
     87|
     88|     const outbox = await pool.query<{ count: string }>(

⎯⎯⎯⎯⎯⎯⎯⎯⎯⎯⎯⎯⎯⎯⎯⎯⎯⎯⎯⎯⎯⎯⎯⎯[2/7]⎯

 FAIL  test/unit/auth-routes.test.ts > route auth gates > serves the test outbox in Vercel Preview even though Next builds run with NODE_ENV=production
AssertionError: expected 404 to be 200 // Object.is equality

- Expected
+ Received

- 200
+ 404

 ❯ test/unit/auth-routes.test.ts:274:30
    272|         new Request("https://example.test/api/test/outbox", { headers:…
    273|       );
    274|       expect(preview.status).toBe(200);
       |                              ^
    275|
    276|       delete process.env.VERCEL_ENV;

⎯⎯⎯⎯⎯⎯⎯⎯⎯⎯⎯⎯⎯⎯⎯⎯⎯⎯⎯⎯⎯⎯⎯⎯[3/7]⎯

 FAIL  test/unit/cron-runner.test.ts > cron runner windowing > keeps triggering later chats and reports a failure when one chat's execution throws
Error: executor blew up
 ❯ triggerSummary test/unit/cron-runner.test.ts:44:17
     42|       triggerSummary: async (_container, args) => {
     43|         if (args.chatId === 10) {
     44|           throw new Error("executor blew up");
       |                 ^
     45|         }
     46|         return { runId: 5, claimed: true };
 ❯ runCron src/routes/cron-summary.ts:33:27

⎯⎯⎯⎯⎯⎯⎯⎯⎯⎯⎯⎯⎯⎯⎯⎯⎯⎯⎯⎯⎯⎯⎯⎯[4/7]⎯

 FAIL  test/unit/cron-runner.test.ts > cron runner windowing > skips chats whose cursor has already reached the window end
AssertionError: expected { ok: true, triggered: 1 } to match object { ok: true, triggered: +0, failed: +0 }

- Expected
+ Received

  {
-   "failed": 0,
    "ok": true,
-   "triggered": 0,
+   "triggered": 1,
  }

 ❯ test/unit/cron-runner.test.ts:72:34
     70|     const response = await POST(cronRequest());
     71|
     72|     await expect(response.json()).resolves.toMatchObject({ ok: true, t…
       |                                  ^
     73|     expect(calls).toBe(0);
     74|     expect(pool.cursorUpdates).toHaveLength(0);

⎯⎯⎯⎯⎯⎯⎯⎯⎯⎯⎯⎯⎯⎯⎯⎯⎯⎯⎯⎯⎯⎯⎯⎯[5/7]⎯

 FAIL  test/unit/cron-runner.test.ts > cron runner windowing > advances the durable cursor only for claims it won
AssertionError: expected { ok: true, triggered: 1 } to match object { ok: true, triggered: 1, failed: +0 }

- Expected
+ Received

  {
-   "failed": 0,
    "ok": true,
    "triggered": 1,
  }

 ❯ test/unit/cron-runner.test.ts:90:34
     88|     const response = await POST(cronRequest());
     89|
     90|     await expect(response.json()).resolves.toMatchObject({ ok: true, t…
       |                                  ^
     91|     expect(pool.cursorUpdates).toHaveLength(1);
     92|     expect(pool.cursorUpdates[0]?.[0]).toBe("10");

⎯⎯⎯⎯⎯⎯⎯⎯⎯⎯⎯⎯⎯⎯⎯⎯⎯⎯⎯⎯⎯⎯⎯⎯[6/7]⎯

 FAIL  test/unit/pipeline-db.test.ts > executeRun > marks the run failed with the error and rethrows when execution blows up mid-run
TypeError: Cannot read properties of undefined (reading 'text')
 ❯ test/unit/pipeline-db.test.ts:282:24
    280|
    281|     const failureMark = pool.calls[4];
    282|     expect(failureMark.text).toContain("'failed'");
       |                        ^
    283|     expect(failureMark.text).toContain("attempt_count");
    284|     expect(failureMark.params?.[0]).toBe(902);

⎯⎯⎯⎯⎯⎯⎯⎯⎯⎯⎯⎯⎯⎯⎯⎯⎯⎯⎯⎯⎯⎯⎯⎯[7/7]⎯


 Test Files  4 failed (4)
      Tests  7 failed | 20 passed (27)
   Start at  09:05:24
   Duration  1.08s (transform 107ms, setup 41ms, import 345ms, tests 241ms, environment 0ms)

