$ vitest run --coverage

 RUN  v4.1.9 /Users/williamcory/vercel-example
      Coverage enabled with v8


 Test Files  7 passed | 2 skipped (9)
      Tests  30 passed | 6 skipped (36)
   Start at  09:12:38
   Duration  1.61s (transform 113ms, setup 66ms, import 446ms, tests 96ms, environment 1ms)

 % Coverage report from v8
-------------------|---------|----------|---------|---------|-------------------
File               | % Stmts | % Branch | % Funcs | % Lines | Uncovered Line #s 
-------------------|---------|----------|---------|---------|-------------------
All files          |   94.35 |    92.85 |   91.11 |   94.21 |                   
 src               |     100 |       90 |     100 |     100 |                   
  container.ts     |     100 |    54.54 |     100 |     100 | 28-34             
 src/db            |   67.85 |    84.61 |      50 |   67.85 |                   
  migrate.ts       |   18.18 |    33.33 |       0 |   18.18 | 10-15,20-27       
 src/routes        |   97.26 |    97.95 |     100 |   97.26 |                   
  trigger.ts       |      90 |    94.11 |     100 |      90 | 33,51             
-------------------|---------|----------|---------|---------|-------------------

=============================== Coverage summary ===============================
Statements   : 94.35% ( 184/195 )
Branches     : 92.85% ( 104/112 )
Functions    : 91.11% ( 41/45 )
Lines        : 94.21% ( 179/190 )
================================================================================
