$ vitest run test/unit test/unit/trigger-summary.test.ts

 RUN  v4.1.9 /Users/williamcory/vercel-example

 ❯ test/unit/trigger-summary.test.ts (1 test | 1 failed) 10ms
     × only enqueues the run and never executes inline 10ms

⎯⎯⎯⎯⎯⎯⎯ Failed Tests 1 ⎯⎯⎯⎯⎯⎯⎯

 FAIL  test/unit/trigger-summary.test.ts > triggerSummary > only enqueues the run and never executes inline
AssertionError: expected [ 501 ] to deeply equal []

- Expected
+ Received

- []
+ [
+   501,
+ ]

 ❯ test/unit/trigger-summary.test.ts:40:25
     38|     expect(second.runId).toBe(501);
     39|     expect([first.claimed, second.claimed].sort()).toEqual([false, tru…
     40|     expect(invocations).toEqual([]);
       |                         ^
     41|   });
     42| });

⎯⎯⎯⎯⎯⎯⎯⎯⎯⎯⎯⎯⎯⎯⎯⎯⎯⎯⎯⎯⎯⎯⎯⎯[1/1]⎯


 Test Files  1 failed | 4 passed (5)
      Tests  1 failed | 27 passed (28)
   Start at  10:18:04
   Duration  800ms (transform 86ms, setup 38ms, import 262ms, tests 66ms, environment 0ms)

error: script "test:unit" exited with code 1
