$ next build
   ▲ Next.js 15.5.9

   Creating an optimized production build ...
 ✓ Compiled successfully in 2.4s
   Linting and checking validity of types ...
   Collecting page data ...
   Generating static pages (0/10) ...
   Generating static pages (2/10) 
   Generating static pages (4/10) 
   Generating static pages (7/10) 
 ✓ Generating static pages (10/10)
   Finalizing page optimization ...
   Collecting build traces ...

Route (app)                                 Size  First Load JS
┌ ○ /                                      141 B         102 kB
├ ○ /_not-found                            995 B         103 kB
├ ƒ /api/cron/summary                      141 B         102 kB
├ ƒ /api/queue/drain                       141 B         102 kB
├ ƒ /api/telegram/webhook                  141 B         102 kB
├ ƒ /api/test/outbox                       141 B         102 kB
├ ƒ /api/trigger                           141 B         102 kB
└ ○ /runs                                78.6 kB         181 kB
+ First Load JS shared by all             102 kB
  ├ chunks/255-cb395327542b56ef.js       45.9 kB
  ├ chunks/4bd1b696-c023c6e3521b1417.js  54.2 kB
  └ other shared chunks (total)          1.96 kB


ƒ Middleware                             32.8 kB

○  (Static)   prerendered as static content
ƒ  (Dynamic)  server-rendered on demand

