$ next build
   ▲ Next.js 15.5.9

   Creating an optimized production build ...
 ✓ Compiled successfully in 1142ms
   Linting and checking validity of types ...
   Collecting page data ...
   Generating static pages (0/8) ...
   Generating static pages (2/8) 
   Generating static pages (4/8) 
   Generating static pages (6/8) 
 ✓ Generating static pages (8/8)
   Finalizing page optimization ...
   Collecting build traces ...

Route (app)                                 Size  First Load JS
┌ ○ /                                      138 B         102 kB
├ ○ /_not-found                            992 B         103 kB
├ ƒ /api/cron/summary                      138 B         102 kB
├ ƒ /api/telegram/webhook                  138 B         102 kB
├ ƒ /api/test/outbox                       138 B         102 kB
└ ƒ /api/trigger                           138 B         102 kB
+ First Load JS shared by all             102 kB
  ├ chunks/255-cb395327542b56ef.js       45.9 kB
  ├ chunks/4bd1b696-c023c6e3521b1417.js  54.2 kB
  └ other shared chunks (total)          1.88 kB


○  (Static)   prerendered as static content
ƒ  (Dynamic)  server-rendered on demand

